c:\users\user\desktop\c110152338_rpg\c110152338_rpg\x64\debug\vc143.pdb
c:\users\user\desktop\c110152338_rpg\c110152338_rpg\x64\debug\vc143.idb
c:\users\user\desktop\c110152338_rpg\c110152338_rpg\x64\debug\c110152338_weapon.obj
c:\users\user\desktop\c110152338_rpg\c110152338_rpg\x64\debug\c110152338_user.obj
c:\users\user\desktop\c110152338_rpg\c110152338_rpg\x64\debug\c110152338_source.obj
c:\users\user\desktop\c110152338_rpg\c110152338_rpg\x64\debug\c110152338_place.obj
c:\users\user\desktop\c110152338_rpg\c110152338_rpg\x64\debug\c110152338_monsterdata.obj
c:\users\user\desktop\c110152338_rpg\c110152338_rpg\x64\debug\c110152338_monster.obj
c:\users\user\desktop\c110152338_rpg\c110152338_rpg\x64\debug\c110152338_mapdata.obj
c:\users\user\desktop\c110152338_rpg\c110152338_rpg\x64\debug\c110152338_lifeentity.obj
c:\users\user\desktop\c110152338_rpg\c110152338_rpg\x64\debug\c110152338_itemdata.obj
c:\users\user\desktop\c110152338_rpg\c110152338_rpg\x64\debug\c110152338_item.obj
c:\users\user\desktop\c110152338_rpg\c110152338_rpg\x64\debug\c110152338_food.obj
c:\users\user\desktop\c110152338_rpg\c110152338_rpg\x64\debug\c110152338_fighter.obj
c:\users\user\desktop\c110152338_rpg\c110152338_rpg\x64\debug\c110152338_cmdparser.obj
c:\users\user\desktop\c110152338_rpg\c110152338_rpg\x64\debug\c110152338_bag.obj
c:\users\user\desktop\c110152338_rpg\x64\debug\c110152338_rpg.exe
c:\users\user\desktop\c110152338_rpg\c110152338_rpg\x64\debug\c110152338_rpg.ilk
c:\users\user\desktop\c110152338_rpg\x64\debug\c110152338_rpg.pdb
c:\users\user\desktop\c110152338_rpg\c110152338_rpg\x64\debug\c110152338_rpg.tlog\cl.command.1.tlog
c:\users\user\desktop\c110152338_rpg\c110152338_rpg\x64\debug\c110152338_rpg.tlog\cl.read.1.tlog
c:\users\user\desktop\c110152338_rpg\c110152338_rpg\x64\debug\c110152338_rpg.tlog\cl.write.1.tlog
c:\users\user\desktop\c110152338_rpg\c110152338_rpg\x64\debug\c110152338_rpg.tlog\link.command.1.tlog
c:\users\user\desktop\c110152338_rpg\c110152338_rpg\x64\debug\c110152338_rpg.tlog\link.read.1.tlog
c:\users\user\desktop\c110152338_rpg\c110152338_rpg\x64\debug\c110152338_rpg.tlog\link.write.1.tlog
